The C compiler identification could not be found in "F:/Technion/Project_b/code/7396_Virus_Detection_Acceleration_Project/Part B - Cuckoo Hash/out/build/x64-debug/CMakeFiles/3.23.22060601-MSVC_2/CompilerIdC/CMakeCCompilerId.exe"

The CXX compiler identification could not be found in "F:/Technion/Project_b/code/7396_Virus_Detection_Acceleration_Project/Part B - Cuckoo Hash/out/build/x64-debug/CMakeFiles/3.23.22060601-MSVC_2/CompilerIdCXX/CMakeCXXCompilerId.exe"

Determining if the include file pthread.h exists failed with the following output:
Change Dir: F:/Technion/Project_b/code/7396_Virus_Detection_Acceleration_Project/Part B - Cuckoo Hash/out/build/x64-debug/CMakeFiles/CMakeTmp

Run Build Command(s):C:/Program Files/Microsoft Visual Studio/2022/Community/Common7/IDE/CommonExtensions/Microsoft/CMake/Ninja/ninja.exe cmTC_c1e27 && [1/2] Building C object CMakeFiles\cmTC_c1e27.dir\CheckIncludeFile.c.obj
FAILED: CMakeFiles/cmTC_c1e27.dir/CheckIncludeFile.c.obj 
C:\PROGRA~1\MIB055~1\2022\COMMUN~1\VC\Tools\MSVC\1433~1.316\bin\Hostx64\x64\cl.exe  /nologo   /DWIN32 /D_WINDOWS /W3  /MDd /Zi /Ob0 /Od /RTC1 /showIncludes /FoCMakeFiles\cmTC_c1e27.dir\CheckIncludeFile.c.obj /FdCMakeFiles\cmTC_c1e27.dir\ /FS -c "F:\Technion\Project_b\code\7396_Virus_Detection_Acceleration_Project\Part B - Cuckoo Hash\out\build\x64-debug\CMakeFiles\CMakeTmp\CheckIncludeFile.c"
F:\Technion\Project_b\code\7396_Virus_Detection_Acceleration_Project\Part B - Cuckoo Hash\out\build\x64-debug\CMakeFiles\CMakeTmp\CheckIncludeFile.c(1): fatal error C1083: Cannot open include file: 'pthread.h': No such file or directory
ninja: build stopped: subcommand failed.



